// .CODE:
0/ e301    	// SETLO_FOR_SET
1/ f3c0    	// SETHI_FOR_SET
2/ e100    	// SETLO_FOR_SET
3/ f100    	// SETHI_FOR_SET
4/ ed12    	// SETLO_FOR_SET
5/ fd00    	// SETHI_FOR_SET
6/ 20cd    	// CALL
7/ e302    	// SETLO_FOR_SET
8/ f3c0    	// SETHI_FOR_SET
9/ 4403    	// LOAD
a/ 3380    	// INC
b/ ed12    	// (matching labels: get_string) SETLO_FOR_SET
c/ fd00    	// SETHI_FOR_SET
d/ 20cd    	// CALL
e/ 3380    	// INC
f/ 34c0    	// DEC
10/ 9fb    	// BNZR
11/ 0    	// HALT
12/ 4203    	// (matching labels: putchar_ord) LOAD
13/ 21cd    	// RETURN
// .DATA:
c000/ c008
c001/ 61 
c002/ 5 
c003/ 48
c004/ 65
c005/ 6c
c006/ 6c
c007/ 6f
